# JRE version: Java(TM) SE Runtime Environment (8.0_151-b12) (build 1.8.0_151-b12)
# Java VM: Java HotSpot(TM) 64-Bit Server VM (25.151-b12 mixed mode windows-amd64 compressed oops)
Heap:
 PSYoungGen      total 123904K, used 42641K [0x00000000f0000000, 0x00000000fcc00000, 0x0000000100000000)
  eden space 113152K, 28% used [0x00000000f0000000,0x00000000f1f265e8,0x00000000f6e80000)
  from space 10752K, 99% used [0x00000000f6e80000,0x00000000f78fe010,0x00000000f7900000)
  to   space 24064K, 0% used [0x00000000fb480000,0x00000000fb480000,0x00000000fcc00000)
 ParOldGen       total 89088K, used 31771K [0x00000000d0000000, 0x00000000d5700000, 0x00000000f0000000)
  object space 89088K, 35% used [0x00000000d0000000,0x00000000d1f06de8,0x00000000d5700000)
 Metaspace       used 59695K, capacity 66518K, committed 66816K, reserved 1107968K
  class space    used 8256K, capacity 8667K, committed 8704K, reserved 1048576K
GC Heap History (10 events):
Event: 6.709 GC heap before
{Heap before GC invocations=6 (full 2):
 PSYoungGen      total 123904K, used 5742K [0x00000000f0000000, 0x00000000f8600000, 0x0000000100000000)
  eden space 113152K, 0% used [0x00000000f0000000,0x00000000f0000000,0x00000000f6e80000)
  from space 10752K, 53% used [0x00000000f7900000,0x00000000f7e9b960,0x00000000f8380000)
  to   space 10752K, 0% used [0x00000000f6e80000,0x00000000f6e80000,0x00000000f7900000)
 ParOldGen       total 89088K, used 7752K [0x00000000d0000000, 0x00000000d5700000, 0x00000000f0000000)
  object space 89088K, 8% used [0x00000000d0000000,0x00000000d0792258,0x00000000d5700000)
 Metaspace       used 33852K, capacity 35430K, committed 35496K, reserved 1079296K
  class space    used 4739K, capacity 4927K, committed 4992K, reserved 1048576K
Event: 6.740 GC heap after
Heap after GC invocations=6 (full 2):
 PSYoungGen      total 123904K, used 0K [0x00000000f0000000, 0x00000000f8600000, 0x0000000100000000)
  eden space 113152K, 0% used [0x00000000f0000000,0x00000000f0000000,0x00000000f6e80000)
  from space 10752K, 0% used [0x00000000f7900000,0x00000000f7900000,0x00000000f8380000)
  to   space 10752K, 0% used [0x00000000f6e80000,0x00000000f6e80000,0x00000000f7900000)
 ParOldGen       total 89088K, used 11593K [0x00000000d0000000, 0x00000000d5700000, 0x00000000f0000000)
  object space 89088K, 13% used [0x00000000d0000000,0x00000000d0b52698,0x00000000d5700000)
 Metaspace       used 33852K, capacity 35430K, committed 35496K, reserved 1079296K
  class space    used 4739K, capacity 4927K, committed 4992K, reserved 1048576K
}
Event: 8.766 GC heap before
{Heap before GC invocations=7 (full 2):
 PSYoungGen      total 123904K, used 113152K [0x00000000f0000000, 0x00000000f8600000, 0x0000000100000000)
  eden space 113152K, 100% used [0x00000000f0000000,0x00000000f6e80000,0x00000000f6e80000)
  from space 10752K, 0% used [0x00000000f7900000,0x00000000f7900000,0x00000000f8380000)
  to   space 10752K, 0% used [0x00000000f6e80000,0x00000000f6e80000,0x00000000f7900000)
 ParOldGen       total 89088K, used 11593K [0x00000000d0000000, 0x00000000d5700000, 0x00000000f0000000)
  object space 89088K, 13% used [0x00000000d0000000,0x00000000d0b52698,0x00000000d5700000)
 Metaspace       used 49335K, capacity 52716K, committed 52992K, reserved 1095680K
  class space    used 6504K, capacity 6794K, committed 6912K, reserved 1048576K
Event: 8.784 GC heap after
Heap after GC invocations=7 (full 2):
 PSYoungGen      total 123904K, used 10738K [0x00000000f0000000, 0x00000000f8600000, 0x0000000100000000)
  eden space 113152K, 0% used [0x00000000f0000000,0x00000000f0000000,0x00000000f6e80000)
  from space 10752K, 99% used [0x00000000f6e80000,0x00000000f78fcbd8,0x00000000f7900000)
  to   space 10752K, 0% used [0x00000000f7900000,0x00000000f7900000,0x00000000f8380000)
 ParOldGen       total 89088K, used 28246K [0x00000000d0000000, 0x00000000d5700000, 0x00000000f0000000)
  object space 89088K, 31% used [0x00000000d0000000,0x00000000d1b958d0,0x00000000d5700000)
 Metaspace       used 49335K, capacity 52716K, committed 52992K, reserved 1095680K
  class space    used 6504K, capacity 6794K, committed 6912K, reserved 1048576K
}
Event: 9.504 GC heap before
{Heap before GC invocations=8 (full 2):
 PSYoungGen      total 123904K, used 45217K [0x00000000f0000000, 0x00000000f8600000, 0x0000000100000000)
  eden space 113152K, 30% used [0x00000000f0000000,0x00000000f21ab9d0,0x00000000f6e80000)
  from space 10752K, 99% used [0x00000000f6e80000,0x00000000f78fcbd8,0x00000000f7900000)
  to   space 10752K, 0% used [0x00000000f7900000,0x00000000f7900000,0x00000000f8380000)
 ParOldGen       total 89088K, used 28246K [0x00000000d0000000, 0x00000000d5700000, 0x00000000f0000000)
  object space 89088K, 31% used [0x00000000d0000000,0x00000000d1b958d0,0x00000000d5700000)
 Metaspace       used 53923K, capacity 59104K, committed 59160K, reserved 1101824K
  class space    used 7313K, capacity 7643K, committed 7680K, reserved 1048576K
Event: 9.525 GC heap after
Heap after GC invocations=8 (full 2):
 PSYoungGen      total 123904K, used 10720K [0x00000000f0000000, 0x00000000f8600000, 0x0000000100000000)
  eden space 113152K, 0% used [0x00000000f0000000,0x00000000f0000000,0x00000000f6e80000)
  from space 10752K, 99% used [0x00000000f7900000,0x00000000f8378060,0x00000000f8380000)
  to   space 10752K, 0% used [0x00000000f6e80000,0x00000000f6e80000,0x00000000f7900000)
 ParOldGen       total 89088K, used 31461K [0x00000000d0000000, 0x00000000d5700000, 0x00000000f0000000)
  object space 89088K, 35% used [0x00000000d0000000,0x00000000d1eb9480,0x00000000d5700000)
 Metaspace       used 53923K, capacity 59104K, committed 59160K, reserved 1101824K
  class space    used 7313K, capacity 7643K, committed 7680K, reserved 1048576K
}
Event: 9.525 GC heap before
{Heap before GC invocations=9 (full 3):
 PSYoungGen      total 123904K, used 10720K [0x00000000f0000000, 0x00000000f8600000, 0x0000000100000000)
  eden space 113152K, 0% used [0x00000000f0000000,0x00000000f0000000,0x00000000f6e80000)
  from space 10752K, 99% used [0x00000000f7900000,0x00000000f8378060,0x00000000f8380000)
  to   space 10752K, 0% used [0x00000000f6e80000,0x00000000f6e80000,0x00000000f7900000)
 ParOldGen       total 89088K, used 31461K [0x00000000d0000000, 0x00000000d5700000, 0x00000000f0000000)
  object space 89088K, 35% used [0x00000000d0000000,0x00000000d1eb9480,0x00000000d5700000)
 Metaspace       used 53923K, capacity 59104K, committed 59160K, reserved 1101824K
  class space    used 7313K, capacity 7643K, committed 7680K, reserved 1048576K
Event: 9.690 GC heap after
Heap after GC invocations=9 (full 3):
 PSYoungGen      total 123904K, used 0K [0x00000000f0000000, 0x00000000f8600000, 0x0000000100000000)
  eden space 113152K, 0% used [0x00000000f0000000,0x00000000f0000000,0x00000000f6e80000)
  from space 10752K, 0% used [0x00000000f7900000,0x00000000f7900000,0x00000000f8380000)
  to   space 10752K, 0% used [0x00000000f6e80000,0x00000000f6e80000,0x00000000f7900000)
 ParOldGen       total 89088K, used 31560K [0x00000000d0000000, 0x00000000d5700000, 0x00000000f0000000)
  object space 89088K, 35% used [0x00000000d0000000,0x00000000d1ed20a0,0x00000000d5700000)
 Metaspace       used 53920K, capacity 59098K, committed 59160K, reserved 1101824K
  class space    used 7313K, capacity 7641K, committed 7680K, reserved 1048576K
}
Event: 11.297 GC heap before
{Heap before GC invocations=10 (full 3):
 PSYoungGen      total 123904K, used 113152K [0x00000000f0000000, 0x00000000f8600000, 0x0000000100000000)
  eden space 113152K, 100% used [0x00000000f0000000,0x00000000f6e80000,0x00000000f6e80000)
  from space 10752K, 0% used [0x00000000f7900000,0x00000000f7900000,0x00000000f8380000)
  to   space 10752K, 0% used [0x00000000f6e80000,0x00000000f6e80000,0x00000000f7900000)
 ParOldGen       total 89088K, used 31560K [0x00000000d0000000, 0x00000000d5700000, 0x00000000f0000000)
  object space 89088K, 35% used [0x00000000d0000000,0x00000000d1ed20a0,0x00000000d5700000)
 Metaspace       used 59327K, capacity 66072K, committed 66304K, reserved 1107968K
  class space    used 8240K, capacity 8655K, committed 8704K, reserved 1048576K
Event: 11.310 GC heap after
Heap after GC invocations=10 (full 3):
 PSYoungGen      total 123904K, used 10744K [0x00000000f0000000, 0x00000000fcc00000, 0x0000000100000000)
  eden space 113152K, 0% used [0x00000000f0000000,0x00000000f0000000,0x00000000f6e80000)
  from space 10752K, 99% used [0x00000000f6e80000,0x00000000f78fe010,0x00000000f7900000)
  to   space 24064K, 0% used [0x00000000fb480000,0x00000000fb480000,0x00000000fcc00000)
 ParOldGen       total 89088K, used 31771K [0x00000000d0000000, 0x00000000d5700000, 0x00000000f0000000)
  object space 89088K, 35% used [0x00000000d0000000,0x00000000d1f06de8,0x00000000d5700000)
 Metaspace       used 59327K, capacity 66072K, committed 66304K, reserved 1107968K
  class space    used 8240K, capacity 8655K, committed 8704K, reserved 1048576K
}

